<?xml version="1.0" encoding="UTF-8"?>
<testng-results skipped="0" failed="0" ignored="0" total="2" passed="2">
  <reporter-output>
  </reporter-output>
  <suite name="Suite" duration-ms="5541" started-at="2023-04-29T07:24:26Z" finished-at="2023-04-29T07:24:31Z">
    <groups>
    </groups>
    <test name="Test" duration-ms="5541" started-at="2023-04-29T07:24:26Z" finished-at="2023-04-29T07:24:31Z">
      <class name="testcases.LoginTest">
        <test-method status="PASS" signature="database()[pri:0, instance:testcases.LoginTest@709ba3fb]" name="database" is-config="true" duration-ms="300" started-at="2023-04-29T07:24:26Z" finished-at="2023-04-29T07:24:26Z">
          <reporter-output>
          </reporter-output>
        </test-method> <!-- database -->
        <test-method status="PASS" signature="SetUp()[pri:0, instance:testcases.LoginTest@709ba3fb]" name="SetUp" is-config="true" duration-ms="1953" started-at="2023-04-29T07:24:26Z" finished-at="2023-04-29T07:24:28Z">
          <reporter-output>
          </reporter-output>
        </test-method> <!-- SetUp -->
        <test-method status="PASS" signature="test1()[pri:0, instance:testcases.LoginTest@709ba3fb]" name="test1" duration-ms="286" started-at="2023-04-29T07:24:28Z" finished-at="2023-04-29T07:24:28Z">
          <reporter-output>
          </reporter-output>
        </test-method> <!-- test1 -->
        <test-method status="PASS" signature="quite()[pri:0, instance:testcases.LoginTest@709ba3fb]" name="quite" is-config="true" duration-ms="596" started-at="2023-04-29T07:24:28Z" finished-at="2023-04-29T07:24:29Z">
          <reporter-output>
          </reporter-output>
        </test-method> <!-- quite -->
        <test-method status="PASS" signature="SetUp()[pri:0, instance:testcases.LoginTest@709ba3fb]" name="SetUp" is-config="true" duration-ms="1586" started-at="2023-04-29T07:24:29Z" finished-at="2023-04-29T07:24:31Z">
          <reporter-output>
          </reporter-output>
        </test-method> <!-- SetUp -->
        <test-method status="PASS" signature="test2()[pri:0, instance:testcases.LoginTest@709ba3fb]" name="test2" duration-ms="208" started-at="2023-04-29T07:24:31Z" finished-at="2023-04-29T07:24:31Z">
          <reporter-output>
          </reporter-output>
        </test-method> <!-- test2 -->
        <test-method status="PASS" signature="quite()[pri:0, instance:testcases.LoginTest@709ba3fb]" name="quite" is-config="true" duration-ms="593" started-at="2023-04-29T07:24:31Z" finished-at="2023-04-29T07:24:31Z">
          <reporter-output>
          </reporter-output>
        </test-method> <!-- quite -->
      </class> <!-- testcases.LoginTest -->
    </test> <!-- Test -->
  </suite> <!-- Suite -->
</testng-results>
